#
# There is insufficient memory for the Java Runtime Environment to continue.
# Native memory allocation (malloc) failed to allocate 1048576 bytes for AllocateHeap
# Possible reasons:
#   The system is out of physical RAM or swap space
#   The process is running with CompressedOops enabled, and the Java Heap may be blocking the growth of the native heap
# Possible solutions:
#   Reduce memory load on the system
#   Increase physical memory or swap space
#   Check if swap backing store is full
#   Decrease Java heap size (-Xmx/-Xms)
#   Decrease number of Java threads
#   Decrease Java thread stack sizes (-Xss)
#   Set larger code cache with -XX:ReservedCodeCacheSize=
#   JVM is running with Unscaled Compressed Oops mode in which the Java heap is
#     placed in the first 4GB address space. The Java Heap base address is the
#     maximum limit for the native heap growth. Please use -XX:HeapBaseMinAddress
#     to set the Java Heap base and to place the Java Heap above 4GB virtual address.
# This output file may be truncated or incomplete.
#
#  Out of Memory Error (allocation.cpp:44), pid=14256, tid=9772
#
# JRE version: OpenJDK Runtime Environment (16.0.2+7) (build 16.0.2+7-67)
# Java VM: OpenJDK 64-Bit Server VM (16.0.2+7-67, mixed mode, tiered, compressed oops, compressed class ptrs, g1 gc, windows-amd64)
# No core dump will be written. Minidumps are not enabled by default on client versions of Windows
#

---------------  S U M M A R Y ------------

Command Line: -Dcom.sun.management.jmxremote -Dcom.sun.management.jmxremote.port=54911 -Dcom.sun.management.jmxremote.authenticate=false -Dcom.sun.management.jmxremote.ssl=false -Djava.rmi.server.hostname=localhost -Dspring.jmx.enabled=true -Dspring.application.admin.enabled=true -XX:TieredStopAtLevel=1 -Dspring.boot.project.name=project -Dfile.encoding=UTF-8 -XX:+ShowCodeDetailsInExceptionMessages tn.esprit.spring.ProjectApplication --spring.output.ansi.enabled=always

Host: Intel(R) Core(TM) i5-9300H CPU @ 2.40GHz, 8 cores, 7G,  Windows 10 , 64 bit Build 18362 (10.0.18362.2037)
Time: Mon Mar 14 14:39:31 2022 Afr. centrale Ouest elapsed time: 2432.468985 seconds (0d 0h 40m 32s)

---------------  T H R E A D  ---------------

Current thread (0x000001acffc091f0):  VMThread "VM Thread" [stack: 0x0000001ecca00000,0x0000001eccb00000] [id=9772]

Stack: [0x0000001ecca00000,0x0000001eccb00000]
Native frames: (J=compiled Java code, j=interpreted, Vv=VM code, C=native code)
V  [jvm.dll+0x6681ca]
V  [jvm.dll+0x7c9e69]
V  [jvm.dll+0x7cb61e]
V  [jvm.dll+0x7cbc73]
V  [jvm.dll+0x242c55]
V  [jvm.dll+0xa8732]
V  [jvm.dll+0x2ed134]
V  [jvm.dll+0x2e9114]
V  [jvm.dll+0x2d0fc1]
V  [jvm.dll+0x3153a6]
V  [jvm.dll+0x7d00ab]
V  [jvm.dll+0x7d0da4]
V  [jvm.dll+0x7d12a9]
V  [jvm.dll+0x7d1564]
V  [jvm.dll+0x7d1630]
V  [jvm.dll+0x7795aa]
V  [jvm.dll+0x667066]
C  [ucrtbase.dll+0x210b2]
C  [KERNEL32.DLL+0x17c24]
C  [ntdll.dll+0x6d721]

VM_Operation (0x0000001ecc1ff310): G1CollectFull, mode: safepoint, requested by thread 0x000001ac9a4ffd60


---------------  P R O C E S S  ---------------

Threads class SMR info:
_java_thread_list=0x000001ac9a609ff0, length=20, elements={
0x000001ac95812370, 0x000001ac958137e0, 0x000001acffc472a0, 0x000001acffc47bb0,
0x000001ac95824fc0, 0x000001ac95826070, 0x000001ac95828ba0, 0x000001ac95833390,
0x000001acffc4e800, 0x000001ac959e8630, 0x000001ac96050250, 0x000001ac960294e0,
0x000001ac960920b0, 0x000001ac972611c0, 0x000001ac97292bc0, 0x000001ac972d7080,
0x000001ac972d9b00, 0x000001ac9a5057b0, 0x000001ac9a5037d0, 0x000001ac9a4ffd60
}

Java Threads: ( => current thread )
  0x000001ac95812370 JavaThread "Reference Handler" daemon [_thread_blocked, id=17960, stack(0x0000001eccb00000,0x0000001eccc00000)]
  0x000001ac958137e0 JavaThread "Finalizer" daemon [_thread_blocked, id=13820, stack(0x0000001eccc00000,0x0000001eccd00000)]
  0x000001acffc472a0 JavaThread "Signal Dispatcher" daemon [_thread_blocked, id=16364, stack(0x0000001eccd00000,0x0000001ecce00000)]
  0x000001acffc47bb0 JavaThread "Attach Listener" daemon [_thread_blocked, id=13496, stack(0x0000001ecce00000,0x0000001eccf00000)]
  0x000001ac95824fc0 JavaThread "Service Thread" daemon [_thread_blocked, id=21216, stack(0x0000001eccf00000,0x0000001ecd000000)]
  0x000001ac95826070 JavaThread "Monitor Deflation Thread" daemon [_thread_blocked, id=10232, stack(0x0000001ecd000000,0x0000001ecd100000)]
  0x000001ac95828ba0 JavaThread "C1 CompilerThread0" daemon [_thread_blocked, id=14680, stack(0x0000001ecd100000,0x0000001ecd200000)]
  0x000001ac95833390 JavaThread "Sweeper thread" daemon [_thread_blocked, id=6436, stack(0x0000001ecd200000,0x0000001ecd300000)]
  0x000001acffc4e800 JavaThread "Common-Cleaner" daemon [_thread_blocked, id=20172, stack(0x0000001ecd300000,0x0000001ecd400000)]
  0x000001ac959e8630 JavaThread "Notification Thread" daemon [_thread_blocked, id=18832, stack(0x0000001ecd400000,0x0000001ecd500000)]
  0x000001ac96050250 JavaThread "RMI TCP Accept-0" daemon [_thread_in_native, id=1868, stack(0x0000001ecd500000,0x0000001ecd600000)]
  0x000001ac960294e0 JavaThread "RMI TCP Accept-54911" daemon [_thread_in_native, id=18476, stack(0x0000001ecd600000,0x0000001ecd700000)]
  0x000001ac960920b0 JavaThread "RMI TCP Accept-0" daemon [_thread_in_native, id=14508, stack(0x0000001ecd700000,0x0000001ecd800000)]
  0x000001ac972611c0 JavaThread "RMI Scheduler(0)" daemon [_thread_blocked, id=19388, stack(0x0000001ece500000,0x0000001ece600000)]
  0x000001ac97292bc0 JavaThread "RMI TCP Connection(idle)" daemon [_thread_blocked, id=7544, stack(0x0000001ece600000,0x0000001ece700000)]
  0x000001ac972d7080 JavaThread "JMX server connection timeout 25" daemon [_thread_blocked, id=6364, stack(0x0000001ece700000,0x0000001ece800000)]
  0x000001ac972d9b00 JavaThread "mysql-cj-abandoned-connection-cleanup" daemon [_thread_blocked, id=8948, stack(0x0000001ecec00000,0x0000001eced00000)]
  0x000001ac9a5057b0 JavaThread "Live Reload Server" daemon [_thread_in_native, id=17164, stack(0x0000001ecf100000,0x0000001ecf200000)]
  0x000001ac9a5037d0 JavaThread "DestroyJavaVM" [_thread_blocked, id=10228, stack(0x0000001ecc400000,0x0000001ecc500000)]
  0x000001ac9a4ffd60 JavaThread "Thread-23" [_thread_blocked, id=15592, stack(0x0000001ecc100000,0x0000001ecc200000)]

Other Threads:
=>0x000001acffc091f0 VMThread "VM Thread" [stack: 0x0000001ecca00000,0x0000001eccb00000] [id=9772]
  0x000001ac96029e00 WatcherThread [stack: 0x0000001ecd800000,0x0000001ecd900000] [id=6456]
  0x000001acfadb59e0 GCTaskThread "GC Thread#0" [stack: 0x0000001ecc500000,0x0000001ecc600000] [id=6244]
  0x000001ac963cd830 GCTaskThread "GC Thread#1" [stack: 0x0000001ecd900000,0x0000001ecda00000] [id=6768]
  0x000001ac963cdb40 GCTaskThread "GC Thread#2" [stack: 0x0000001ecda00000,0x0000001ecdb00000] [id=1900]
  0x000001ac9718d0c0 GCTaskThread "GC Thread#3" [stack: 0x0000001ecdb00000,0x0000001ecdc00000] [id=17664]
  0x000001ac9718f3e0 GCTaskThread "GC Thread#4" [stack: 0x0000001ecdc00000,0x0000001ecdd00000] [id=16908]
  0x000001ac9718f6f0 GCTaskThread "GC Thread#5" [stack: 0x0000001ecdd00000,0x0000001ecde00000] [id=15128]
  0x000001ac97197c20 GCTaskThread "GC Thread#6" [stack: 0x0000001ecde00000,0x0000001ecdf00000] [id=5556]
  0x000001ac97197f30 GCTaskThread "GC Thread#7" [stack: 0x0000001ecdf00000,0x0000001ece000000] [id=19368]
  0x000001acfadc8590 ConcurrentGCThread "G1 Main Marker" [stack: 0x0000001ecc600000,0x0000001ecc700000] [id=18096]
  0x000001acfadc9730 ConcurrentGCThread "G1 Conc#0" [stack: 0x0000001ecc700000,0x0000001ecc800000] [id=1144]
  0x000001ac97365130 ConcurrentGCThread "G1 Conc#1" [stack: 0x0000001ece900000,0x0000001ecea00000] [id=2400]
  0x000001acfae2e6f0 ConcurrentGCThread "G1 Refine#0" [stack: 0x0000001ecc800000,0x0000001ecc900000] [id=18020]
  0x000001ac964023a0 ConcurrentGCThread "G1 Refine#1" [stack: 0x0000001ece000000,0x0000001ece100000] [id=10060]
  0x000001ac959e67e0 ConcurrentGCThread "G1 Refine#2" [stack: 0x0000001ece100000,0x0000001ece200000] [id=17240]
  0x000001acffa75230 ConcurrentGCThread "G1 Service" [stack: 0x0000001ecc900000,0x0000001ecca00000] [id=8276]

Threads with active compile tasks:
C1 CompilerThread0  2433480 12350       1       java.text.NumberFormat::getMaximumFractionDigits (5 bytes)

VM state: at safepoint (normal execution)

VM Mutex/Monitor currently owned by a thread:  ([mutex/lock_event])
[0x000001acfad74750] Threads_lock - owner thread: 0x000001acffc091f0
[0x000001acfad72c50] Heap_lock - owner thread: 0x000001ac9a4ffd60

Heap address: 0x0000000082600000, size: 2010 MB, Compressed Oops mode: 32-bit

CDS disabled.
Compressed class space mapped at: 0x0000000100000000-0x0000000140000000, reserved size: 1073741824
Narrow klass base: 0x0000000000000000, Narrow klass shift: 3, Narrow klass range: 0x140000000

GC Precious Log:
 CPUs: 8 total, 8 available
 Memory: 8036M
 Large Page Support: Disabled
 NUMA Support: Disabled
 Compressed Oops: Enabled (32-bit)
 Heap Region Size: 1M
 Heap Min Capacity: 8M
 Heap Initial Capacity: 126M
 Heap Max Capacity: 2010M
 Pre-touch: Disabled
 Parallel Workers: 8
 Concurrent Workers: 2
 Concurrent Refinement Workers: 8
 Periodic GC: Disabled

Heap:
 garbage-first heap   total 132096K, used 47887K [0x0000000082600000, 0x0000000100000000)
  region size 1024K, 15 young (15360K), 5 survivors (5120K)
 Metaspace       used 76166K, committed 76864K, reserved 1122304K
  class space    used 10090K, committed 10432K, reserved 1048576K

Heap Regions: E=young(eden), S=young(survivor), O=old, HS=humongous(starts), HC=humongous(continues), CS=collection set, F=free, OA=open archive, CA=closed archive, TAMS=top-at-mark-start (previous, next)
|   0|0x0000000082600000, 0x0000000082700000, 0x0000000082700000|100%|HS|  |TAMS 0x0000000082700000, 0x0000000082600000| Untracked 
|   1|0x0000000082700000, 0x00000000827ef368, 0x0000000082800000| 93%| O|  |TAMS 0x0000000082700000, 0x0000000082700000| Untracked 
|   2|0x0000000082800000, 0x00000000828ffff8, 0x0000000082900000| 99%| O|  |TAMS 0x0000000082800000, 0x0000000082800000| Untracked 
|   3|0x0000000082900000, 0x00000000829ffff8, 0x0000000082a00000| 99%| O|  |TAMS 0x0000000082900000, 0x0000000082900000| Untracked 
|   4|0x0000000082a00000, 0x0000000082af6b40, 0x0000000082b00000| 96%| O|  |TAMS 0x0000000082a00000, 0x0000000082a00000| Untracked 
|   5|0x0000000082b00000, 0x0000000082c00000, 0x0000000082c00000|100%| O|  |TAMS 0x0000000082b00000, 0x0000000082b00000| Untracked 
|   6|0x0000000082c00000, 0x0000000082cfffe0, 0x0000000082d00000| 99%| O|  |TAMS 0x0000000082c00000, 0x0000000082c00000| Untracked 
|   7|0x0000000082d00000, 0x0000000082dffff0, 0x0000000082e00000| 99%| O|  |TAMS 0x0000000082d00000, 0x0000000082d00000| Untracked 
|   8|0x0000000082e00000, 0x0000000082eff148, 0x0000000082f00000| 99%| O|  |TAMS 0x0000000082e00000, 0x0000000082e00000| Untracked 
|   9|0x0000000082f00000, 0x0000000082ffffe8, 0x0000000083000000| 99%| O|  |TAMS 0x0000000082f00000, 0x0000000082f00000| Untracked 
|  10|0x0000000083000000, 0x00000000830fffe0, 0x0000000083100000| 99%| O|  |TAMS 0x0000000083000000, 0x0000000083000000| Untracked 
|  11|0x0000000083100000, 0x00000000831fffc0, 0x0000000083200000| 99%| O|  |TAMS 0x0000000083100000, 0x0000000083100000| Untracked 
|  12|0x0000000083200000, 0x0000000083300000, 0x0000000083300000|100%| O|  |TAMS 0x0000000083200000, 0x0000000083200000| Untracked 
|  13|0x0000000083300000, 0x00000000833fffe8, 0x0000000083400000| 99%| O|  |TAMS 0x0000000083300000, 0x0000000083300000| Untracked 
|  14|0x0000000083400000, 0x00000000834fffa0, 0x0000000083500000| 99%| O|  |TAMS 0x0000000083400000, 0x0000000083400000| Untracked 
|  15|0x0000000083500000, 0x0000000083600000, 0x0000000083600000|100%| O|  |TAMS 0x0000000083500000, 0x0000000083500000| Untracked 
|  16|0x0000000083600000, 0x00000000836ffff8, 0x0000000083700000| 99%| O|  |TAMS 0x0000000083600000, 0x0000000083600000| Untracked 
|  17|0x0000000083700000, 0x00000000837fffd8, 0x0000000083800000| 99%| O|  |TAMS 0x0000000083700000, 0x0000000083700000| Untracked 
|  18|0x0000000083800000, 0x00000000838fffe8, 0x0000000083900000| 99%| O|  |TAMS 0x0000000083800000, 0x0000000083800000| Untracked 
|  19|0x0000000083900000, 0x00000000839ffff8, 0x0000000083a00000| 99%| O|  |TAMS 0x0000000083900000, 0x0000000083900000| Untracked 
|  20|0x0000000083a00000, 0x0000000083afffc8, 0x0000000083b00000| 99%| O|  |TAMS 0x0000000083a00000, 0x0000000083a00000| Untracked 
|  21|0x0000000083b00000, 0x0000000083bfffd0, 0x0000000083c00000| 99%| O|  |TAMS 0x0000000083b00000, 0x0000000083b00000| Untracked 
|  22|0x0000000083c00000, 0x0000000083cfffc0, 0x0000000083d00000| 99%| O|  |TAMS 0x0000000083c00000, 0x0000000083c00000| Untracked 
|  23|0x0000000083d00000, 0x0000000083dfffe8, 0x0000000083e00000| 99%| O|  |TAMS 0x0000000083d00000, 0x0000000083d00000| Untracked 
|  24|0x0000000083e00000, 0x0000000083ed6fe0, 0x0000000083f00000| 83%| O|  |TAMS 0x0000000083e00000, 0x0000000083e00000| Untracked 
|  25|0x0000000083f00000, 0x0000000083fd8270, 0x0000000084000000| 84%| O|  |TAMS 0x0000000083f00000, 0x0000000083f00000| Untracked 
|  26|0x0000000084000000, 0x0000000084100000, 0x0000000084100000|100%| O|  |TAMS 0x0000000084000000, 0x0000000084000000| Untracked 
|  27|0x0000000084100000, 0x0000000084200000, 0x0000000084200000|100%| O|  |TAMS 0x0000000084100000, 0x0000000084100000| Untracked 
|  28|0x0000000084200000, 0x000000008423f680, 0x0000000084300000| 24%| O|  |TAMS 0x0000000084200000, 0x0000000084200000| Untracked 
|  29|0x0000000084300000, 0x0000000084400000, 0x0000000084400000|100%| O|  |TAMS 0x0000000084300000, 0x0000000084300000| Untracked 
|  30|0x0000000084400000, 0x0000000084500000, 0x0000000084500000|100%| O|  |TAMS 0x0000000084400000, 0x0000000084400000| Untracked 
|  31|0x0000000084500000, 0x0000000084600000, 0x0000000084600000|100%| O|  |TAMS 0x0000000084500000, 0x0000000084500000| Untracked 
|  32|0x0000000084600000, 0x00000000846ffff0, 0x0000000084700000| 99%| O|  |TAMS 0x0000000084600000, 0x0000000084600000| Untracked 
|  33|0x0000000084700000, 0x0000000084711048, 0x0000000084800000|  6%| O|  |TAMS 0x0000000084700000, 0x0000000084700000| Untracked 
|  34|0x0000000084800000, 0x0000000084889358, 0x0000000084900000| 53%| O|  |TAMS 0x0000000084800000, 0x0000000084800000| Untracked 
|  35|0x0000000084900000, 0x000000008496a400, 0x0000000084a00000| 41%| O|  |TAMS 0x0000000084900000, 0x0000000084900000| Untracked 
|  36|0x0000000084a00000, 0x0000000084a00000, 0x0000000084b00000|  0%| F|  |TAMS 0x0000000084a00000, 0x0000000084a00000| Untracked 
|  37|0x0000000084b00000, 0x0000000084b00000, 0x0000000084c00000|  0%| F|  |TAMS 0x0000000084b00000, 0x0000000084b00000| Untracked 
|  38|0x0000000084c00000, 0x0000000084c00000, 0x0000000084d00000|  0%| F|  |TAMS 0x0000000084c00000, 0x0000000084c00000| Untracked 
|  39|0x0000000084d00000, 0x0000000084d00000, 0x0000000084e00000|  0%| F|  |TAMS 0x0000000084d00000, 0x0000000084d00000| Untracked 
|  40|0x0000000084e00000, 0x0000000084e00000, 0x0000000084f00000|  0%| F|  |TAMS 0x0000000084e00000, 0x0000000084e00000| Untracked 
|  41|0x0000000084f00000, 0x0000000084f00000, 0x0000000085000000|  0%| F|  |TAMS 0x0000000084f00000, 0x0000000084f00000| Untracked 
|  42|0x0000000085000000, 0x0000000085000000, 0x0000000085100000|  0%| F|  |TAMS 0x0000000085000000, 0x0000000085000000| Untracked 
|  43|0x0000000085100000, 0x0000000085100000, 0x0000000085200000|  0%| F|  |TAMS 0x0000000085100000, 0x0000000085100000| Untracked 
|  44|0x0000000085200000, 0x0000000085200000, 0x0000000085300000|  0%| F|  |TAMS 0x0000000085200000, 0x0000000085200000| Untracked 
|  45|0x0000000085300000, 0x0000000085300000, 0x0000000085400000|  0%| F|  |TAMS 0x0000000085300000, 0x0000000085300000| Untracked 
|  46|0x0000000085400000, 0x00000000854ebfd8, 0x0000000085500000| 92%| S|CS|TAMS 0x0000000085400000, 0x0000000085400000| Complete 
|  47|0x0000000085500000, 0x0000000085600000, 0x0000000085600000|100%| S|CS|TAMS 0x0000000085500000, 0x0000000085500000| Complete 
|  48|0x0000000085600000, 0x0000000085600000, 0x0000000085700000|  0%| F|  |TAMS 0x0000000085600000, 0x0000000085600000| Untracked 
|  49|0x0000000085700000, 0x0000000085700000, 0x0000000085800000|  0%| F|  |TAMS 0x0000000085700000, 0x0000000085700000| Untracked 
|  50|0x0000000085800000, 0x0000000085800000, 0x0000000085900000|  0%| F|  |TAMS 0x0000000085800000, 0x0000000085800000| Untracked 
|  51|0x0000000085900000, 0x0000000085900000, 0x0000000085a00000|  0%| F|  |TAMS 0x0000000085900000, 0x0000000085900000| Untracked 
|  52|0x0000000085a00000, 0x0000000085a00000, 0x0000000085b00000|  0%| F|  |TAMS 0x0000000085a00000, 0x0000000085a00000| Untracked 
|  53|0x0000000085b00000, 0x0000000085c00000, 0x0000000085c00000|100%| S|CS|TAMS 0x0000000085b00000, 0x0000000085b00000| Complete 
|  54|0x0000000085c00000, 0x0000000085d00000, 0x0000000085d00000|100%| S|CS|TAMS 0x0000000085c00000, 0x0000000085c00000| Complete 
|  55|0x0000000085d00000, 0x0000000085e00000, 0x0000000085e00000|100%| S|CS|TAMS 0x0000000085d00000, 0x0000000085d00000| Complete 
|  56|0x0000000085e00000, 0x0000000085e00000, 0x0000000085f00000|  0%| F|  |TAMS 0x0000000085e00000, 0x0000000085e00000| Untracked 
|  57|0x0000000085f00000, 0x0000000085f00000, 0x0000000086000000|  0%| F|  |TAMS 0x0000000085f00000, 0x0000000085f00000| Untracked 
|  58|0x0000000086000000, 0x0000000086000000, 0x0000000086100000|  0%| F|  |TAMS 0x0000000086000000, 0x0000000086000000| Untracked 
|  59|0x0000000086100000, 0x0000000086100000, 0x0000000086200000|  0%| F|  |TAMS 0x0000000086100000, 0x0000000086100000| Untracked 
|  60|0x0000000086200000, 0x0000000086200000, 0x0000000086300000|  0%| F|  |TAMS 0x0000000086200000, 0x0000000086200000| Untracked 
|  61|0x0000000086300000, 0x0000000086300000, 0x0000000086400000|  0%| F|  |TAMS 0x0000000086300000, 0x0000000086300000| Untracked 
|  62|0x0000000086400000, 0x0000000086400000, 0x0000000086500000|  0%| F|  |TAMS 0x0000000086400000, 0x0000000086400000| Untracked 
|  63|0x0000000086500000, 0x0000000086500000, 0x0000000086600000|  0%| F|  |TAMS 0x0000000086500000, 0x0000000086500000| Untracked 
|  64|0x0000000086600000, 0x0000000086600000, 0x0000000086700000|  0%| F|  |TAMS 0x0000000086600000, 0x0000000086600000| Untracked 
|  65|0x0000000086700000, 0x0000000086700000, 0x0000000086800000|  0%| F|  |TAMS 0x0000000086700000, 0x0000000086700000| Untracked 
|  66|0x0000000086800000, 0x0000000086800000, 0x0000000086900000|  0%| F|  |TAMS 0x0000000086800000, 0x0000000086800000| Untracked 
|  67|0x0000000086900000, 0x0000000086900000, 0x0000000086a00000|  0%| F|  |TAMS 0x0000000086900000, 0x0000000086900000| Untracked 
|  68|0x0000000086a00000, 0x0000000086a00000, 0x0000000086b00000|  0%| F|  |TAMS 0x0000000086a00000, 0x0000000086a00000| Untracked 
|  69|0x0000000086b00000, 0x0000000086b00000, 0x0000000086c00000|  0%| F|  |TAMS 0x0000000086b00000, 0x0000000086b00000| Untracked 
|  70|0x0000000086c00000, 0x0000000086c00000, 0x0000000086d00000|  0%| F|  |TAMS 0x0000000086c00000, 0x0000000086c00000| Untracked 
|  71|0x0000000086d00000, 0x0000000086d00000, 0x0000000086e00000|  0%| F|  |TAMS 0x0000000086d00000, 0x0000000086d00000| Untracked 
|  72|0x0000000086e00000, 0x0000000086e00000, 0x0000000086f00000|  0%| F|  |TAMS 0x0000000086e00000, 0x0000000086e00000| Untracked 
|  73|0x0000000086f00000, 0x0000000086f00000, 0x0000000087000000|  0%| F|  |TAMS 0x0000000086f00000, 0x0000000086f00000| Untracked 
|  74|0x0000000087000000, 0x0000000087000000, 0x0000000087100000|  0%| F|  |TAMS 0x0000000087000000, 0x0000000087000000| Untracked 
|  75|0x0000000087100000, 0x0000000087100000, 0x0000000087200000|  0%| F|  |TAMS 0x0000000087100000, 0x0000000087100000| Untracked 
|  76|0x0000000087200000, 0x0000000087200000, 0x0000000087300000|  0%| F|  |TAMS 0x0000000087200000, 0x0000000087200000| Untracked 
|  77|0x0000000087300000, 0x0000000087300000, 0x0000000087400000|  0%| F|  |TAMS 0x0000000087300000, 0x0000000087300000| Untracked 
|  78|0x0000000087400000, 0x0000000087400000, 0x0000000087500000|  0%| F|  |TAMS 0x0000000087400000, 0x0000000087400000| Untracked 
|  79|0x0000000087500000, 0x0000000087500000, 0x0000000087600000|  0%| F|  |TAMS 0x0000000087500000, 0x0000000087500000| Untracked 
|  80|0x0000000087600000, 0x0000000087600000, 0x0000000087700000|  0%| F|  |TAMS 0x0000000087600000, 0x0000000087600000| Untracked 
|  81|0x0000000087700000, 0x0000000087700000, 0x0000000087800000|  0%| F|  |TAMS 0x0000000087700000, 0x0000000087700000| Untracked 
|  82|0x0000000087800000, 0x0000000087800000, 0x0000000087900000|  0%| F|  |TAMS 0x0000000087800000, 0x0000000087800000| Untracked 
|  83|0x0000000087900000, 0x0000000087900000, 0x0000000087a00000|  0%| F|  |TAMS 0x0000000087900000, 0x0000000087900000| Untracked 
|  84|0x0000000087a00000, 0x0000000087a00000, 0x0000000087b00000|  0%| F|  |TAMS 0x0000000087a00000, 0x0000000087a00000| Untracked 
|  85|0x0000000087b00000, 0x0000000087b00000, 0x0000000087c00000|  0%| F|  |TAMS 0x0000000087b00000, 0x0000000087b00000| Untracked 
|  86|0x0000000087c00000, 0x0000000087c00000, 0x0000000087d00000|  0%| F|  |TAMS 0x0000000087c00000, 0x0000000087c00000| Untracked 
|  87|0x0000000087d00000, 0x0000000087d00000, 0x0000000087e00000|  0%| F|  |TAMS 0x0000000087d00000, 0x0000000087d00000| Untracked 
|  88|0x0000000087e00000, 0x0000000087e00000, 0x0000000087f00000|  0%| F|  |TAMS 0x0000000087e00000, 0x0000000087e00000| Untracked 
|  89|0x0000000087f00000, 0x0000000087f00000, 0x0000000088000000|  0%| F|  |TAMS 0x0000000087f00000, 0x0000000087f00000| Untracked 
|  90|0x0000000088000000, 0x0000000088000000, 0x0000000088100000|  0%| F|  |TAMS 0x0000000088000000, 0x0000000088000000| Untracked 
|  91|0x0000000088100000, 0x0000000088100000, 0x0000000088200000|  0%| F|  |TAMS 0x0000000088100000, 0x0000000088100000| Untracked 
|  92|0x0000000088200000, 0x0000000088200000, 0x0000000088300000|  0%| F|  |TAMS 0x0000000088200000, 0x0000000088200000| Untracked 
|  93|0x0000000088300000, 0x0000000088300000, 0x0000000088400000|  0%| F|  |TAMS 0x0000000088300000, 0x0000000088300000| Untracked 
|  94|0x0000000088400000, 0x0000000088400000, 0x0000000088500000|  0%| F|  |TAMS 0x0000000088400000, 0x0000000088400000| Untracked 
|  95|0x0000000088500000, 0x0000000088500000, 0x0000000088600000|  0%| F|  |TAMS 0x0000000088500000, 0x0000000088500000| Untracked 
|  96|0x0000000088600000, 0x0000000088600000, 0x0000000088700000|  0%| F|  |TAMS 0x0000000088600000, 0x0000000088600000| Untracked 
|  97|0x0000000088700000, 0x0000000088700000, 0x0000000088800000|  0%| F|  |TAMS 0x0000000088700000, 0x0000000088700000| Untracked 
|  98|0x0000000088800000, 0x0000000088800000, 0x0000000088900000|  0%| F|  |TAMS 0x0000000088800000, 0x0000000088800000| Untracked 
|  99|0x0000000088900000, 0x0000000088900000, 0x0000000088a00000|  0%| F|  |TAMS 0x0000000088900000, 0x0000000088900000| Untracked 
| 100|0x0000000088a00000, 0x0000000088a00000, 0x0000000088b00000|  0%| F|  |TAMS 0x0000000088a00000, 0x0000000088a00000| Untracked 
| 101|0x0000000088b00000, 0x0000000088b00000, 0x0000000088c00000|  0%| F|  |TAMS 0x0000000088b00000, 0x0000000088b00000| Untracked 
| 102|0x0000000088c00000, 0x0000000088c00000, 0x0000000088d00000|  0%| F|  |TAMS 0x0000000088c00000, 0x0000000088c00000| Untracked 
| 103|0x0000000088d00000, 0x0000000088d00000, 0x0000000088e00000|  0%| F|  |TAMS 0x0000000088d00000, 0x0000000088d00000| Untracked 
| 104|0x0000000088e00000, 0x0000000088e00000, 0x0000000088f00000|  0%| F|  |TAMS 0x0000000088e00000, 0x0000000088e00000| Untracked 
| 105|0x0000000088f00000, 0x0000000088f00000, 0x0000000089000000|  0%| F|  |TAMS 0x0000000088f00000, 0x0000000088f00000| Untracked 
| 106|0x0000000089000000, 0x0000000089000000, 0x0000000089100000|  0%| F|  |TAMS 0x0000000089000000, 0x0000000089000000| Untracked 
| 107|0x0000000089100000, 0x0000000089100000, 0x0000000089200000|  0%| F|  |TAMS 0x0000000089100000, 0x0000000089100000| Untracked 
| 108|0x0000000089200000, 0x0000000089200000, 0x0000000089300000|  0%| F|  |TAMS 0x0000000089200000, 0x0000000089200000| Untracked 
| 109|0x0000000089300000, 0x0000000089300000, 0x0000000089400000|  0%| F|  |TAMS 0x0000000089300000, 0x0000000089300000| Untracked 
| 110|0x0000000089400000, 0x0000000089400000, 0x0000000089500000|  0%| F|  |TAMS 0x0000000089400000, 0x0000000089400000| Untracked 
| 111|0x0000000089500000, 0x0000000089500000, 0x0000000089600000|  0%| F|  |TAMS 0x0000000089500000, 0x0000000089500000| Untracked 
| 112|0x0000000089600000, 0x0000000089600000, 0x0000000089700000|  0%| F|  |TAMS 0x0000000089600000, 0x0000000089600000| Untracked 
| 113|0x0000000089700000, 0x0000000089700000, 0x0000000089800000|  0%| F|  |TAMS 0x0000000089700000, 0x0000000089700000| Untracked 
| 114|0x0000000089800000, 0x0000000089800000, 0x0000000089900000|  0%| F|  |TAMS 0x0000000089800000, 0x0000000089800000| Untracked 
| 115|0x0000000089900000, 0x0000000089900000, 0x0000000089a00000|  0%| F|  |TAMS 0x0000000089900000, 0x0000000089900000| Untracked 
| 116|0x0000000089a00000, 0x0000000089a00000, 0x0000000089b00000|  0%| F|  |TAMS 0x0000000089a00000, 0x0000000089a00000| Untracked 
| 117|0x0000000089b00000, 0x0000000089b00000, 0x0000000089c00000|  0%| F|  |TAMS 0x0000000089b00000, 0x0000000089b00000| Untracked 
| 118|0x0000000089c00000, 0x0000000089c00000, 0x0000000089d00000|  0%| F|  |TAMS 0x0000000089c00000, 0x0000000089c00000| Untracked 
| 119|0x0000000089d00000, 0x0000000089e00000, 0x0000000089e00000|100%| E|  |TAMS 0x0000000089d00000, 0x0000000089d00000| Complete 
| 120|0x0000000089e00000, 0x0000000089f00000, 0x0000000089f00000|100%| E|CS|TAMS 0x0000000089e00000, 0x0000000089e00000| Complete 
| 121|0x0000000089f00000, 0x000000008a000000, 0x000000008a000000|100%| E|CS|TAMS 0x0000000089f00000, 0x0000000089f00000| Complete 
| 122|0x000000008a000000, 0x000000008a100000, 0x000000008a100000|100%| E|CS|TAMS 0x000000008a000000, 0x000000008a000000| Complete 
| 123|0x000000008a100000, 0x000000008a200000, 0x000000008a200000|100%| E|CS|TAMS 0x000000008a100000, 0x000000008a100000| Complete 
| 124|0x000000008a200000, 0x000000008a300000, 0x000000008a300000|100%| E|CS|TAMS 0x000000008a200000, 0x000000008a200000| Complete 
| 125|0x000000008a300000, 0x000000008a400000, 0x000000008a400000|100%| E|CS|TAMS 0x000000008a300000, 0x000000008a300000| Complete 
| 126|0x000000008a400000, 0x000000008a500000, 0x000000008a500000|100%| E|CS|TAMS 0x000000008a400000, 0x000000008a400000| Complete 
| 127|0x000000008a500000, 0x000000008a600000, 0x000000008a600000|100%| E|CS|TAMS 0x000000008a500000, 0x000000008a500000| Complete 
| 128|0x000000008a600000, 0x000000008a700000, 0x000000008a700000|100%| E|CS|TAMS 0x000000008a600000, 0x000000008a600000| Complete 

Card table byte_map: [0x000001acfe9f0000,0x000001acfede0000] _byte_map_base: 0x000001acfe5dd000

Marking Bits (Prev, Next): (CMBitMap*) 0x000001acfadb8000, (CMBitMap*) 0x000001acfadb8040
 Prev Bits: [0x000001ac8f000000, 0x000001ac90f68000)
 Next Bits: [0x000001ac90f70000, 0x000001ac92ed8000)

Polling page: 0x000001acf8c80000

Metaspace:

Usage:
  Non-class:     64.53 MB used.
      Class:      9.85 MB used.
       Both:     74.38 MB used.

Virtual space:
  Non-class space:       72.00 MB reserved,      64.88 MB ( 90%) committed,  9 nodes.
      Class space:        1.00 GB reserved,      10.19 MB ( <1%) committed,  1 nodes.
              Both:        1.07 GB reserved,      75.06 MB (  7%) committed. 

Chunk freelists:
   Non-Class:  2.63 MB
       Class:  1.78 MB
        Both:  4.41 MB

MaxMetaspaceSize: 17179869184.00 GB
CompressedClassSpaceSize: 1.00 GB
 - commit_granule_bytes: 65536.
 - commit_granule_words: 8192.
 - virtual_space_node_default_size: 1048576.
 - enlarge_chunks_in_place: 1.
 - new_chunks_are_fully_committed: 0.
 - uncommit_free_chunks: 1.
 - use_allocation_guard: 0.
 - handle_deallocations: 1.


Internal statistics:

num_allocs_failed_limit: 9.
num_arena_births: 1202.
num_arena_deaths: 326.
num_vsnodes_births: 10.
num_vsnodes_deaths: 0.
num_space_committed: 1201.
num_space_uncommitted: 0.
num_chunks_returned_to_freelist: 417.
num_chunks_taken_from_freelist: 4151.
num_chunk_merges: 125.
num_chunk_splits: 2587.
num_chunks_enlarged: 1730.
num_purges: 10.

CodeHeap 'non-profiled nmethods': size=238336Kb used=20328Kb max_used=20328Kb free=218007Kb
 bounds [0x000001ac80740000, 0x000001ac81b20000, 0x000001ac8f000000]
CodeHeap 'non-nmethods': size=7424Kb used=1319Kb max_used=1319Kb free=6104Kb
 bounds [0x000001ac80000000, 0x000001ac80270000, 0x000001ac80740000]
 total_blobs=12992 nmethods=12348 adapters=569
 compilation: enabled
              stopped_count=0, restarted_count=0
 full_count=0

Compilation events (20 events):
Event: 2432.419 Thread 0x000001ac95828ba0 nmethod 12338 0x000001ac81b17790 code [0x000001ac81b17920, 0x000001ac81b17a38]
Event: 2432.419 Thread 0x000001ac95828ba0 12339       1       java.net.NetworkInterface::getInetAddresses (8 bytes)
Event: 2432.420 Thread 0x000001ac95828ba0 nmethod 12339 0x000001ac81b17a90 code [0x000001ac81b17c40, 0x000001ac81b17dc8]
Event: 2432.422 Thread 0x000001ac95828ba0 12342       1       jdk.internal.logger.LazyLoggers$LazyLoggerWrapper::wrapped (10 bytes)
Event: 2432.422 Thread 0x000001ac95828ba0 nmethod 12342 0x000001ac81b18290 code [0x000001ac81b18440, 0x000001ac81b18548]
Event: 2432.422 Thread 0x000001ac95828ba0 12343   !   1       jdk.internal.logger.LazyLoggers$LazyLoggerAccessor::wrapped (37 bytes)
Event: 2432.422 Thread 0x000001ac95828ba0 nmethod 12343 0x000001ac81b18610 code [0x000001ac81b187c0, 0x000001ac81b18a28]
Event: 2432.422 Thread 0x000001ac95828ba0 12344       1       jdk.internal.logger.AbstractLoggerWrapper::isLoggable (11 bytes)
Event: 2432.422 Thread 0x000001ac95828ba0 nmethod 12344 0x000001ac81b18b10 code [0x000001ac81b18cc0, 0x000001ac81b18dd8]
Event: 2432.422 Thread 0x000001ac95828ba0 12345       1       com.sun.jmx.mbeanserver.WeakIdentityHashMap$IdentityWeakReference::hashCode (5 bytes)
Event: 2432.422 Thread 0x000001ac95828ba0 nmethod 12345 0x000001ac81b18e90 code [0x000001ac81b19020, 0x000001ac81b190f8]
Event: 2432.425 Thread 0x000001ac95828ba0 12346       1       java.util.concurrent.FutureTask::finishCompletion (71 bytes)
Event: 2432.425 Thread 0x000001ac95828ba0 nmethod 12346 0x000001ac81b19190 code [0x000001ac81b19360, 0x000001ac81b19638]
Event: 2432.425 Thread 0x000001ac95828ba0 12347       1       java.util.concurrent.FutureTask::done (1 bytes)
Event: 2432.425 Thread 0x000001ac95828ba0 nmethod 12347 0x000001ac81b19790 code [0x000001ac81b19920, 0x000001ac81b199d8]
Event: 2432.426 Thread 0x000001ac95828ba0 12348       1       java.text.NumberFormat::getMaximumIntegerDigits (5 bytes)
Event: 2432.426 Thread 0x000001ac95828ba0 nmethod 12348 0x000001ac81b19a90 code [0x000001ac81b19c20, 0x000001ac81b19cf8]
Event: 2432.426 Thread 0x000001ac95828ba0 12349       1       java.text.NumberFormat::getMinimumIntegerDigits (5 bytes)
Event: 2432.426 Thread 0x000001ac95828ba0 nmethod 12349 0x000001ac81b19d90 code [0x000001ac81b19f20, 0x000001ac81b19ff8]
Event: 2432.426 Thread 0x000001ac95828ba0 12350       1       java.text.NumberFormat::getMaximumFractionDigits (5 bytes)

GC Heap History (20 events):
Event: 2215.465 GC heap before
{Heap before GC invocations=47 (full 4):
 garbage-first heap   total 99328K, used 77963K [0x0000000082600000, 0x0000000100000000)
  region size 1024K, 51 young (52224K), 4 survivors (4096K)
 Metaspace       used 74649K, committed 75648K, reserved 1122304K
  class space    used 9946K, committed 10368K, reserved 1048576K
}
Event: 2215.468 GC heap after
{Heap after GC invocations=48 (full 4):
 garbage-first heap   total 99328K, used 31227K [0x0000000082600000, 0x0000000100000000)
  region size 1024K, 4 young (4096K), 4 survivors (4096K)
 Metaspace       used 74649K, committed 75648K, reserved 1122304K
  class space    used 9946K, committed 10368K, reserved 1048576K
}
Event: 2216.094 GC heap before
{Heap before GC invocations=48 (full 4):
 garbage-first heap   total 99328K, used 78331K [0x0000000082600000, 0x0000000100000000)
  region size 1024K, 51 young (52224K), 4 survivors (4096K)
 Metaspace       used 75013K, committed 75776K, reserved 1122304K
  class space    used 9982K, committed 10368K, reserved 1048576K
}
Event: 2216.098 GC heap after
{Heap after GC invocations=49 (full 4):
 garbage-first heap   total 99328K, used 33813K [0x0000000082600000, 0x0000000100000000)
  region size 1024K, 7 young (7168K), 7 survivors (7168K)
 Metaspace       used 75013K, committed 75776K, reserved 1122304K
  class space    used 9982K, committed 10368K, reserved 1048576K
}
Event: 2216.330 GC heap before
{Heap before GC invocations=49 (full 4):
 garbage-first heap   total 99328K, used 78869K [0x0000000082600000, 0x0000000100000000)
  region size 1024K, 51 young (52224K), 7 survivors (7168K)
 Metaspace       used 75337K, committed 76096K, reserved 1122304K
  class space    used 10001K, committed 10368K, reserved 1048576K
}
Event: 2216.335 GC heap after
{Heap after GC invocations=50 (full 4):
 garbage-first heap   total 99328K, used 36715K [0x0000000082600000, 0x0000000100000000)
  region size 1024K, 7 young (7168K), 7 survivors (7168K)
 Metaspace       used 75337K, committed 76096K, reserved 1122304K
  class space    used 10001K, committed 10368K, reserved 1048576K
}
Event: 2216.583 GC heap before
{Heap before GC invocations=50 (full 4):
 garbage-first heap   total 99328K, used 78699K [0x0000000082600000, 0x0000000100000000)
  region size 1024K, 48 young (49152K), 7 survivors (7168K)
 Metaspace       used 75338K, committed 76096K, reserved 1122304K
  class space    used 10001K, committed 10368K, reserved 1048576K
}
Event: 2216.587 GC heap after
{Heap after GC invocations=51 (full 4):
 garbage-first heap   total 99328K, used 38297K [0x0000000082600000, 0x0000000100000000)
  region size 1024K, 5 young (5120K), 5 survivors (5120K)
 Metaspace       used 75338K, committed 76096K, reserved 1122304K
  class space    used 10001K, committed 10368K, reserved 1048576K
}
Event: 2428.922 GC heap before
{Heap before GC invocations=51 (full 4):
 garbage-first heap   total 99328K, used 57753K [0x0000000082600000, 0x0000000100000000)
  region size 1024K, 25 young (25600K), 5 survivors (5120K)
 Metaspace       used 75341K, committed 76096K, reserved 1122304K
  class space    used 10002K, committed 10368K, reserved 1048576K
}
Event: 2428.975 GC heap after
{Heap after GC invocations=52 (full 5):
 garbage-first heap   total 99328K, used 28086K [0x0000000082600000, 0x0000000100000000)
  region size 1024K, 0 young (0K), 0 survivors (0K)
 Metaspace       used 75318K, committed 76096K, reserved 1122304K
  class space    used 9998K, committed 10368K, reserved 1048576K
}
Event: 2429.298 GC heap before
{Heap before GC invocations=52 (full 5):
 garbage-first heap   total 99328K, used 77238K [0x0000000082600000, 0x0000000100000000)
  region size 1024K, 49 young (50176K), 0 survivors (0K)
 Metaspace       used 75468K, committed 76160K, reserved 1122304K
  class space    used 10027K, committed 10368K, reserved 1048576K
}
Event: 2429.301 GC heap after
{Heap after GC invocations=53 (full 5):
 garbage-first heap   total 99328K, used 31158K [0x0000000082600000, 0x0000000100000000)
  region size 1024K, 3 young (3072K), 3 survivors (3072K)
 Metaspace       used 75468K, committed 76160K, reserved 1122304K
  class space    used 10027K, committed 10368K, reserved 1048576K
}
Event: 2429.360 GC heap before
{Heap before GC invocations=53 (full 5):
 garbage-first heap   total 99328K, used 77238K [0x0000000082600000, 0x0000000100000000)
  region size 1024K, 49 young (50176K), 3 survivors (3072K)
 Metaspace       used 75479K, committed 76224K, reserved 1122304K
  class space    used 10029K, committed 10368K, reserved 1048576K
}
Event: 2429.363 GC heap after
{Heap after GC invocations=54 (full 5):
 garbage-first heap   total 99328K, used 31814K [0x0000000082600000, 0x0000000100000000)
  region size 1024K, 4 young (4096K), 4 survivors (4096K)
 Metaspace       used 75479K, committed 76224K, reserved 1122304K
  class space    used 10029K, committed 10368K, reserved 1048576K
}
Event: 2429.725 GC heap before
{Heap before GC invocations=54 (full 5):
 garbage-first heap   total 99328K, used 78918K [0x0000000082600000, 0x0000000100000000)
  region size 1024K, 50 young (51200K), 4 survivors (4096K)
 Metaspace       used 75827K, committed 76480K, reserved 1122304K
  class space    used 10067K, committed 10368K, reserved 1048576K
}
Event: 2429.729 GC heap after
{Heap after GC invocations=55 (full 5):
 garbage-first heap   total 99328K, used 34060K [0x0000000082600000, 0x0000000100000000)
  region size 1024K, 6 young (6144K), 6 survivors (6144K)
 Metaspace       used 75827K, committed 76480K, reserved 1122304K
  class space    used 10067K, committed 10368K, reserved 1048576K
}
Event: 2429.978 GC heap before
{Heap before GC invocations=55 (full 5):
 garbage-first heap   total 99328K, used 79116K [0x0000000082600000, 0x0000000100000000)
  region size 1024K, 50 young (51200K), 6 survivors (6144K)
 Metaspace       used 76157K, committed 76864K, reserved 1122304K
  class space    used 10088K, committed 10432K, reserved 1048576K
}
Event: 2429.983 GC heap after
{Heap after GC invocations=56 (full 5):
 garbage-first heap   total 99328K, used 36660K [0x0000000082600000, 0x0000000100000000)
  region size 1024K, 6 young (6144K), 6 survivors (6144K)
 Metaspace       used 76157K, committed 76864K, reserved 1122304K
  class space    used 10088K, committed 10432K, reserved 1048576K
}
Event: 2430.244 GC heap before
{Heap before GC invocations=56 (full 5):
 garbage-first heap   total 99328K, used 78644K [0x0000000082600000, 0x0000000100000000)
  region size 1024K, 47 young (48128K), 6 survivors (6144K)
 Metaspace       used 76163K, committed 76864K, reserved 1122304K
  class space    used 10089K, committed 10432K, reserved 1048576K
}
Event: 2430.248 GC heap after
{Heap after GC invocations=57 (full 5):
 garbage-first heap   total 132096K, used 38671K [0x0000000082600000, 0x0000000100000000)
  region size 1024K, 5 young (5120K), 5 survivors (5120K)
 Metaspace       used 76163K, committed 76864K, reserved 1122304K
  class space    used 10089K, committed 10432K, reserved 1048576K
}

Deoptimization events (10 events):
Event: 1.510 Thread 0x000001ac971bc150 DEOPT PACKING pc=0x000001ac80b331ec sp=0x0000001ece3fd8e0
Event: 1.510 Thread 0x000001ac971bc150 DEOPT UNPACKING pc=0x000001ac8004dece sp=0x0000001ece3fce20 mode 0
Event: 1.734 Thread 0x000001ac971bc150 DEOPT PACKING pc=0x000001ac80b4d844 sp=0x0000001ece3fdac0
Event: 1.734 Thread 0x000001ac971bc150 DEOPT UNPACKING pc=0x000001ac8004dece sp=0x0000001ece3fcf60 mode 0
Event: 1.950 Thread 0x000001ac971bc150 DEOPT PACKING pc=0x000001ac80a778bc sp=0x0000001ece3fcd00
Event: 1.950 Thread 0x000001ac971bc150 DEOPT UNPACKING pc=0x000001ac8004dece sp=0x0000001ece3fc258 mode 0
Event: 2.774 Thread 0x000001ac972d95b0 DEOPT PACKING pc=0x000001ac80986d17 sp=0x0000001ece8feec0
Event: 2.774 Thread 0x000001ac972d95b0 DEOPT UNPACKING pc=0x000001ac8004dece sp=0x0000001ece8fe318 mode 3
Event: 5.181 Thread 0x000001ac971bc150 DEOPT PACKING pc=0x000001ac80a06bfa sp=0x0000001ece3fd190
Event: 5.181 Thread 0x000001ac971bc150 DEOPT UNPACKING pc=0x000001ac8004dece sp=0x0000001ece3fc698 mode 3

Classes unloaded (20 events):
Event: 2215.077 Thread 0x000001acffc091f0 Unloading class 0x00000001000c7800 'java/lang/invoke/LambdaForm$MH+0x00000001000c7800'
Event: 2215.077 Thread 0x000001acffc091f0 Unloading class 0x00000001000c7400 'java/lang/invoke/LambdaForm$MH+0x00000001000c7400'
Event: 2215.077 Thread 0x000001acffc091f0 Unloading class 0x00000001000c7000 'java/lang/invoke/LambdaForm$MH+0x00000001000c7000'
Event: 2215.077 Thread 0x000001acffc091f0 Unloading class 0x00000001000c6c00 'java/lang/invoke/LambdaForm$MH+0x00000001000c6c00'
Event: 2215.077 Thread 0x000001acffc091f0 Unloading class 0x00000001000c6800 'java/lang/invoke/LambdaForm$MH+0x00000001000c6800'
Event: 2215.077 Thread 0x000001acffc091f0 Unloading class 0x00000001000c6400 'java/lang/invoke/LambdaForm$MH+0x00000001000c6400'
Event: 2215.077 Thread 0x000001acffc091f0 Unloading class 0x00000001000c5400 'java/lang/invoke/LambdaForm$MH+0x00000001000c5400'
Event: 2215.077 Thread 0x000001acffc091f0 Unloading class 0x00000001000c5000 'java/lang/invoke/LambdaForm$MH+0x00000001000c5000'
Event: 2215.077 Thread 0x000001acffc091f0 Unloading class 0x00000001000c4800 'java/lang/invoke/LambdaForm$MH+0x00000001000c4800'
Event: 2215.077 Thread 0x000001acffc091f0 Unloading class 0x00000001000c3c00 'java/lang/invoke/LambdaForm$MH+0x00000001000c3c00'
Event: 2215.077 Thread 0x000001acffc091f0 Unloading class 0x00000001000c3400 'java/lang/invoke/LambdaForm$MH+0x00000001000c3400'
Event: 2215.077 Thread 0x000001acffc091f0 Unloading class 0x00000001000c2c00 'java/lang/invoke/LambdaForm$MH+0x00000001000c2c00'
Event: 2215.077 Thread 0x000001acffc091f0 Unloading class 0x00000001000c2400 'java/lang/invoke/LambdaForm$MH+0x00000001000c2400'
Event: 2428.938 Thread 0x000001acffc091f0 Unloading class 0x00000001004a5c00 'jdk/internal/reflect/GeneratedSerializationConstructorAccessor48'
Event: 2428.938 Thread 0x000001acffc091f0 Unloading class 0x000000010059c000 'jdk/internal/reflect/GeneratedSerializationConstructorAccessor47'
Event: 2428.938 Thread 0x000001acffc091f0 Unloading class 0x000000010076cc00 'jdk/internal/reflect/GeneratedSerializationConstructorAccessor46'
Event: 2428.938 Thread 0x000001acffc091f0 Unloading class 0x0000000100a05c00 'jdk/internal/reflect/GeneratedSerializationConstructorAccessor45'
Event: 2428.938 Thread 0x000001acffc091f0 Unloading class 0x0000000100a1d800 'jdk/internal/reflect/GeneratedSerializationConstructorAccessor44'
Event: 2428.938 Thread 0x000001acffc091f0 Unloading class 0x0000000100a20000 'jdk/internal/reflect/GeneratedSerializationConstructorAccessor43'
Event: 2428.938 Thread 0x000001acffc091f0 Unloading class 0x0000000100a25800 'org/apache/catalina/loader/JdbcLeakPrevention'

Classes redefined (0 events):
No events

Internal exceptions (20 events):
Event: 2429.771 Thread 0x000001ac9a5067a0 Exception <a 'java/lang/ClassNotFoundException'{0x0000000087de65e0}: tn/esprit/spring/entities/ChatCustomizer> (0x0000000087de65e0) 
thrown [t:\workspace\open\src\hotspot\share\classfile\systemDictionary.cpp, line 256]
Event: 2429.773 Thread 0x000001ac9a5067a0 Exception <a 'java/lang/ClassNotFoundException'{0x0000000087c327e8}: java/lang/ObjectCustomizer> (0x0000000087c327e8) 
thrown [t:\workspace\open\src\hotspot\share\classfile\systemDictionary.cpp, line 256]
Event: 2429.773 Thread 0x000001ac9a5067a0 Exception <a 'java/lang/ClassNotFoundException'{0x0000000087c3d9b8}: tn/esprit/spring/entities/PostsCustomizer> (0x0000000087c3d9b8) 
thrown [t:\workspace\open\src\hotspot\share\classfile\systemDictionary.cpp, line 256]
Event: 2429.775 Thread 0x000001ac9a5067a0 Exception <a 'java/lang/ClassNotFoundException'{0x0000000087c89b50}: java/lang/ObjectCustomizer> (0x0000000087c89b50) 
thrown [t:\workspace\open\src\hotspot\share\classfile\systemDictionary.cpp, line 256]
Event: 2429.775 Thread 0x000001ac9a5067a0 Exception <a 'java/lang/ClassNotFoundException'{0x0000000087c95048}: tn/esprit/spring/entities/CommentsCustomizer> (0x0000000087c95048) 
thrown [t:\workspace\open\src\hotspot\share\classfile\systemDictionary.cpp, line 256]
Event: 2429.777 Thread 0x000001ac9a5067a0 Exception <a 'java/lang/ClassNotFoundException'{0x0000000087b19d58}: java/lang/ObjectCustomizer> (0x0000000087b19d58) 
thrown [t:\workspace\open\src\hotspot\share\classfile\systemDictionary.cpp, line 256]
Event: 2429.778 Thread 0x000001ac9a5067a0 Exception <a 'java/lang/ClassNotFoundException'{0x0000000087b24fa8}: tn/esprit/spring/entities/PaymentCustomizer> (0x0000000087b24fa8) 
thrown [t:\workspace\open\src\hotspot\share\classfile\systemDictionary.cpp, line 256]
Event: 2429.780 Thread 0x000001ac9a5067a0 Exception <a 'java/lang/ClassNotFoundException'{0x0000000087b7a1b8}: java/lang/ObjectCustomizer> (0x0000000087b7a1b8) 
thrown [t:\workspace\open\src\hotspot\share\classfile\systemDictionary.cpp, line 256]
Event: 2429.781 Thread 0x000001ac9a5067a0 Exception <a 'java/lang/ClassNotFoundException'{0x0000000087b86248}: tn/esprit/spring/entities/NewsCustomizer> (0x0000000087b86248) 
thrown [t:\workspace\open\src\hotspot\share\classfile\systemDictionary.cpp, line 256]
Event: 2429.783 Thread 0x000001ac9a5067a0 Exception <a 'java/lang/ClassNotFoundException'{0x0000000087a1ecb0}: java/lang/ObjectCustomizer> (0x0000000087a1ecb0) 
thrown [t:\workspace\open\src\hotspot\share\classfile\systemDictionary.cpp, line 256]
Event: 2429.784 Thread 0x000001ac9a5067a0 Exception <a 'java/lang/ClassNotFoundException'{0x0000000087a29ea0}: tn/esprit/spring/entities/EventsCustomizer> (0x0000000087a29ea0) 
thrown [t:\workspace\open\src\hotspot\share\classfile\systemDictionary.cpp, line 256]
Event: 2429.786 Thread 0x000001ac9a5067a0 Exception <a 'java/lang/ClassNotFoundException'{0x0000000087a9ea68}: java/lang/ObjectCustomizer> (0x0000000087a9ea68) 
thrown [t:\workspace\open\src\hotspot\share\classfile\systemDictionary.cpp, line 256]
Event: 2429.786 Thread 0x000001ac9a5067a0 Exception <a 'java/lang/ClassNotFoundException'{0x0000000087aa9ba8}: tn/esprit/spring/entities/NoteCustomizer> (0x0000000087aa9ba8) 
thrown [t:\workspace\open\src\hotspot\share\classfile\systemDictionary.cpp, line 256]
Event: 2429.788 Thread 0x000001ac9a5067a0 Exception <a 'java/lang/ClassNotFoundException'{0x0000000087905890}: java/lang/ObjectCustomizer> (0x0000000087905890) 
thrown [t:\workspace\open\src\hotspot\share\classfile\systemDictionary.cpp, line 256]
Event: 2429.788 Thread 0x000001ac9a5067a0 Exception <a 'java/lang/ClassNotFoundException'{0x0000000087910a80}: tn/esprit/spring/entities/NoticeCustomizer> (0x0000000087910a80) 
thrown [t:\workspace\open\src\hotspot\share\classfile\systemDictionary.cpp, line 256]
Event: 2429.790 Thread 0x000001ac9a5067a0 Exception <a 'java/lang/ClassNotFoundException'{0x0000000087964188}: java/lang/ObjectCustomizer> (0x0000000087964188) 
thrown [t:\workspace\open\src\hotspot\share\classfile\systemDictionary.cpp, line 256]
Event: 2429.791 Thread 0x000001ac9a5067a0 Exception <a 'java/lang/ClassNotFoundException'{0x000000008796f4f8}: tn/esprit/spring/entities/InvitationCustomizer> (0x000000008796f4f8) 
thrown [t:\workspace\open\src\hotspot\share\classfile\systemDictionary.cpp, line 256]
Event: 2429.794 Thread 0x000001ac9a5067a0 Exception <a 'java/lang/ClassNotFoundException'{0x000000008781f640}: java/lang/ObjectCustomizer> (0x000000008781f640) 
thrown [t:\workspace\open\src\hotspot\share\classfile\systemDictionary.cpp, line 256]
Event: 2429.794 Thread 0x000001ac9a5067a0 Exception <a 'java/lang/ClassNotFoundException'{0x0000000087829e10}: tn/esprit/spring/entities/TransportCustomizer> (0x0000000087829e10) 
thrown [t:\workspace\open\src\hotspot\share\classfile\systemDictionary.cpp, line 256]
Event: 2432.421 Thread 0x000001ac9a503d20 Exception <a 'java/lang/InterruptedException'{0x0000000089eca368}: sleep interrupted> (0x0000000089eca368) 
thrown [t:\workspace\open\src\hotspot\share\prims\jvm.cpp, line 3305]

Events (20 events):
Event: 2430.312 Executing  VM operation: ICBufferFull
Event: 2430.313 Executing  VM operation: ICBufferFull done
Event: 2430.318 Thread 0x000001ac9a5067a0 Thread exited: 0x000001ac9a5067a0
Event: 2430.318 Thread 0x000001ac9a502290 Thread exited: 0x000001ac9a502290
Event: 2431.313 Executing  VM operation: Cleanup
Event: 2431.313 Executing  VM operation: Cleanup done
Event: 2432.313 Executing  VM operation: Cleanup
Event: 2432.313 Executing  VM operation: Cleanup done
Event: 2432.406 Thread 0x000001ac9a4ffd60 Thread added: 0x000001ac9a4ffd60
Event: 2432.406 Thread 0x000001ac9a500800 Thread exited: 0x000001ac9a500800
Event: 2432.419 Thread 0x000001ac9a500d50 Thread exited: 0x000001ac9a500d50
Event: 2432.421 Thread 0x000001ac9a505260 Thread exited: 0x000001ac9a505260
Event: 2432.421 Thread 0x000001ac9a503d20 Thread exited: 0x000001ac9a503d20
Event: 2432.421 Thread 0x000001ac9a5002b0 Thread exited: 0x000001ac9a5002b0
Event: 2432.421 Thread 0x000001ac9a507240 Thread exited: 0x000001ac9a507240
Event: 2432.425 Thread 0x000001ac9a501d40 Thread added: 0x000001ac9a501d40
Event: 2432.425 Thread 0x000001ac9a503280 Thread exited: 0x000001ac9a503280
Event: 2432.425 Thread 0x000001ac9a4ff810 Thread exited: 0x000001ac9a4ff810
Event: 2432.426 Thread 0x000001ac9a501d40 Thread exited: 0x000001ac9a501d40
Event: 2432.426 Executing  VM operation: G1CollectFull


Dynamic libraries:
0x00007ff6485c0000 - 0x00007ff6485ce000 	C:\Users\msi\Downloads\spring-tool-suite-4-4.11.1.RELEASE-e4.20.0-win32.win32.x86_64.self-extracting (1)\contents\sts-4.11.1.RELEASE\plugins\org.eclipse.justj.openjdk.hotspot.jre.full.win32.x86_64_16.0.2.v20210721-1149\jre\bin\javaw.exe
0x00007ffce4260000 - 0x00007ffce4450000 	C:\Windows\SYSTEM32\ntdll.dll
0x00007ffce3ef0000 - 0x00007ffce3fa3000 	C:\Windows\System32\KERNEL32.DLL
0x00007ffce1bb0000 - 0x00007ffce1e55000 	C:\Windows\System32\KERNELBASE.dll
0x00007ffce2200000 - 0x00007ffce22fa000 	C:\Windows\System32\ucrtbase.dll
0x00007ffcbb940000 - 0x00007ffcbb958000 	C:\Users\msi\Downloads\spring-tool-suite-4-4.11.1.RELEASE-e4.20.0-win32.win32.x86_64.self-extracting (1)\contents\sts-4.11.1.RELEASE\plugins\org.eclipse.justj.openjdk.hotspot.jre.full.win32.x86_64_16.0.2.v20210721-1149\jre\bin\jli.dll
0x00007ffccc9d0000 - 0x00007ffccc9e9000 	C:\Users\msi\Downloads\spring-tool-suite-4-4.11.1.RELEASE-e4.20.0-win32.win32.x86_64.self-extracting (1)\contents\sts-4.11.1.RELEASE\plugins\org.eclipse.justj.openjdk.hotspot.jre.full.win32.x86_64_16.0.2.v20210721-1149\jre\bin\VCRUNTIME140.dll
0x00007ffce25b0000 - 0x00007ffce2744000 	C:\Windows\System32\USER32.dll
0x00007ffce19e0000 - 0x00007ffce1a01000 	C:\Windows\System32\win32u.dll
0x00007ffcd4890000 - 0x00007ffcd4b14000 	C:\Windows\WinSxS\amd64_microsoft.windows.common-controls_6595b64144ccf1df_6.0.18362.2037_none_9e7c226de460245a\COMCTL32.dll
0x00007ffce41f0000 - 0x00007ffce4216000 	C:\Windows\System32\GDI32.dll
0x00007ffce3fb0000 - 0x00007ffce404e000 	C:\Windows\System32\msvcrt.dll
0x00007ffce1a10000 - 0x00007ffce1ba8000 	C:\Windows\System32\gdi32full.dll
0x00007ffce2760000 - 0x00007ffce2a96000 	C:\Windows\System32\combase.dll
0x00007ffce2160000 - 0x00007ffce21fe000 	C:\Windows\System32\msvcp_win.dll
0x00007ffce4050000 - 0x00007ffce416b000 	C:\Windows\System32\RPCRT4.dll
0x00007ffce11d0000 - 0x00007ffce1254000 	C:\Windows\System32\bcryptPrimitives.dll
0x00007ffce2b50000 - 0x00007ffce2b7e000 	C:\Windows\System32\IMM32.DLL
0x00007ffcdd850000 - 0x00007ffcdd85c000 	C:\Users\msi\Downloads\spring-tool-suite-4-4.11.1.RELEASE-e4.20.0-win32.win32.x86_64.self-extracting (1)\contents\sts-4.11.1.RELEASE\plugins\org.eclipse.justj.openjdk.hotspot.jre.full.win32.x86_64_16.0.2.v20210721-1149\jre\bin\vcruntime140_1.dll
0x00007ffca82e0000 - 0x00007ffca8371000 	C:\Users\msi\Downloads\spring-tool-suite-4-4.11.1.RELEASE-e4.20.0-win32.win32.x86_64.self-extracting (1)\contents\sts-4.11.1.RELEASE\plugins\org.eclipse.justj.openjdk.hotspot.jre.full.win32.x86_64_16.0.2.v20210721-1149\jre\bin\msvcp140.dll
0x00007ffc87780000 - 0x00007ffc8832b000 	C:\Users\msi\Downloads\spring-tool-suite-4-4.11.1.RELEASE-e4.20.0-win32.win32.x86_64.self-extracting (1)\contents\sts-4.11.1.RELEASE\plugins\org.eclipse.justj.openjdk.hotspot.jre.full.win32.x86_64_16.0.2.v20210721-1149\jre\bin\server\jvm.dll
0x00007ffce2aa0000 - 0x00007ffce2b45000 	C:\Windows\System32\ADVAPI32.dll
0x00007ffce3490000 - 0x00007ffce3528000 	C:\Windows\System32\sechost.dll
0x00007ffce2750000 - 0x00007ffce2758000 	C:\Windows\System32\PSAPI.DLL
0x00007ffcd5870000 - 0x00007ffcd5879000 	C:\Windows\SYSTEM32\WSOCK32.dll
0x00007ffcd63d0000 - 0x00007ffcd63f4000 	C:\Windows\SYSTEM32\WINMM.dll
0x00007ffcdce00000 - 0x00007ffcdce0a000 	C:\Windows\SYSTEM32\VERSION.dll
0x00007ffce3530000 - 0x00007ffce359f000 	C:\Windows\System32\WS2_32.dll
0x00007ffcd63a0000 - 0x00007ffcd63cd000 	C:\Windows\SYSTEM32\winmmbase.dll
0x00007ffce20e0000 - 0x00007ffce212a000 	C:\Windows\System32\cfgmgr32.dll
0x00007ffce1120000 - 0x00007ffce1131000 	C:\Windows\System32\kernel.appcore.dll
0x00007ffcd4fb0000 - 0x00007ffcd4fba000 	C:\Users\msi\Downloads\spring-tool-suite-4-4.11.1.RELEASE-e4.20.0-win32.win32.x86_64.self-extracting (1)\contents\sts-4.11.1.RELEASE\plugins\org.eclipse.justj.openjdk.hotspot.jre.full.win32.x86_64_16.0.2.v20210721-1149\jre\bin\jimage.dll
0x00007ffcd8c40000 - 0x00007ffcd8e34000 	C:\Windows\SYSTEM32\DBGHELP.DLL
0x00007ffcd8b20000 - 0x00007ffcd8b4a000 	C:\Windows\SYSTEM32\dbgcore.DLL
0x00007ffcbc600000 - 0x00007ffcbc625000 	C:\Users\msi\Downloads\spring-tool-suite-4-4.11.1.RELEASE-e4.20.0-win32.win32.x86_64.self-extracting (1)\contents\sts-4.11.1.RELEASE\plugins\org.eclipse.justj.openjdk.hotspot.jre.full.win32.x86_64_16.0.2.v20210721-1149\jre\bin\java.dll
0x00007ffcb8cc0000 - 0x00007ffcb8cd8000 	C:\Users\msi\Downloads\spring-tool-suite-4-4.11.1.RELEASE-e4.20.0-win32.win32.x86_64.self-extracting (1)\contents\sts-4.11.1.RELEASE\plugins\org.eclipse.justj.openjdk.hotspot.jre.full.win32.x86_64_16.0.2.v20210721-1149\jre\bin\zip.dll
0x00007ffce2da0000 - 0x00007ffce3487000 	C:\Windows\System32\SHELL32.dll
0x00007ffce3680000 - 0x00007ffce3729000 	C:\Windows\System32\shcore.dll
0x00007ffce1260000 - 0x00007ffce19dc000 	C:\Windows\System32\windows.storage.dll
0x00007ffce1140000 - 0x00007ffce115e000 	C:\Windows\System32\profapi.dll
0x00007ffce1160000 - 0x00007ffce11aa000 	C:\Windows\System32\powrprof.dll
0x00007ffce1110000 - 0x00007ffce1120000 	C:\Windows\System32\UMPDC.dll
0x00007ffce2300000 - 0x00007ffce2352000 	C:\Windows\System32\shlwapi.dll
0x00007ffce20c0000 - 0x00007ffce20d7000 	C:\Windows\System32\cryptsp.dll
0x00007ffcb5790000 - 0x00007ffcb57a9000 	C:\Users\msi\Downloads\spring-tool-suite-4-4.11.1.RELEASE-e4.20.0-win32.win32.x86_64.self-extracting (1)\contents\sts-4.11.1.RELEASE\plugins\org.eclipse.justj.openjdk.hotspot.jre.full.win32.x86_64_16.0.2.v20210721-1149\jre\bin\net.dll
0x00007ffcd9e60000 - 0x00007ffcd9f59000 	C:\Windows\SYSTEM32\WINHTTP.dll
0x00007ffce0950000 - 0x00007ffce09b7000 	C:\Windows\system32\mswsock.dll
0x00007ffcb5740000 - 0x00007ffcb5753000 	C:\Users\msi\Downloads\spring-tool-suite-4-4.11.1.RELEASE-e4.20.0-win32.win32.x86_64.self-extracting (1)\contents\sts-4.11.1.RELEASE\plugins\org.eclipse.justj.openjdk.hotspot.jre.full.win32.x86_64_16.0.2.v20210721-1149\jre\bin\nio.dll
0x00007ffcdc1d0000 - 0x00007ffcdc1d9000 	C:\Users\msi\Downloads\spring-tool-suite-4-4.11.1.RELEASE-e4.20.0-win32.win32.x86_64.self-extracting (1)\contents\sts-4.11.1.RELEASE\plugins\org.eclipse.justj.openjdk.hotspot.jre.full.win32.x86_64_16.0.2.v20210721-1149\jre\bin\management.dll
0x00007ffcd52e0000 - 0x00007ffcd52eb000 	C:\Users\msi\Downloads\spring-tool-suite-4-4.11.1.RELEASE-e4.20.0-win32.win32.x86_64.self-extracting (1)\contents\sts-4.11.1.RELEASE\plugins\org.eclipse.justj.openjdk.hotspot.jre.full.win32.x86_64_16.0.2.v20210721-1149\jre\bin\management_ext.dll
0x00007ffcd3400000 - 0x00007ffcd3416000 	C:\Windows\system32\napinsp.dll
0x00007ffcd33d0000 - 0x00007ffcd33ea000 	C:\Windows\system32\pnrpnsp.dll
0x00007ffce06a0000 - 0x00007ffce076a000 	C:\Windows\SYSTEM32\DNSAPI.dll
0x00007ffce2d30000 - 0x00007ffce2d38000 	C:\Windows\System32\NSI.dll
0x00007ffce0660000 - 0x00007ffce069a000 	C:\Windows\SYSTEM32\IPHLPAPI.DLL
0x00007ffcd33c0000 - 0x00007ffcd33ce000 	C:\Windows\System32\winrnr.dll
0x00007ffcdc7d0000 - 0x00007ffcdc7ec000 	C:\Windows\system32\NLAapi.dll
0x00007ffcdc9d0000 - 0x00007ffcdc9e5000 	C:\Windows\system32\wshbth.dll
0x00007ffcdc1e0000 - 0x00007ffcdc1ea000 	C:\Windows\System32\rasadhlp.dll
0x00007ffcdbb90000 - 0x00007ffcdbc07000 	C:\Windows\System32\fwpuclnt.dll
0x00007ffce2130000 - 0x00007ffce2156000 	C:\Windows\System32\bcrypt.dll
0x00007ffce04d0000 - 0x00007ffce0503000 	C:\Windows\system32\rsaenh.dll
0x00007ffce1030000 - 0x00007ffce1055000 	C:\Windows\SYSTEM32\USERENV.dll
0x00007ffce0b20000 - 0x00007ffce0b2c000 	C:\Windows\SYSTEM32\CRYPTBASE.dll
0x00007ffcdc440000 - 0x00007ffcdc456000 	C:\Windows\SYSTEM32\dhcpcsvc6.DLL
0x00007ffcdc420000 - 0x00007ffcdc43c000 	C:\Windows\SYSTEM32\dhcpcsvc.DLL
0x00007ffccd500000 - 0x00007ffccd510000 	C:\Users\msi\Downloads\spring-tool-suite-4-4.11.1.RELEASE-e4.20.0-win32.win32.x86_64.self-extracting (1)\contents\sts-4.11.1.RELEASE\plugins\org.eclipse.justj.openjdk.hotspot.jre.full.win32.x86_64_16.0.2.v20210721-1149\jre\bin\verify.dll
0x00007ffcd5370000 - 0x00007ffcd537e000 	C:\Users\msi\Downloads\spring-tool-suite-4-4.11.1.RELEASE-e4.20.0-win32.win32.x86_64.self-extracting (1)\contents\sts-4.11.1.RELEASE\plugins\org.eclipse.justj.openjdk.hotspot.jre.full.win32.x86_64_16.0.2.v20210721-1149\jre\bin\sunmscapi.dll
0x00007ffce1f10000 - 0x00007ffce205a000 	C:\Windows\System32\CRYPT32.dll
0x00007ffce11b0000 - 0x00007ffce11c2000 	C:\Windows\System32\MSASN1.dll
0x00007ffce0c20000 - 0x00007ffce0c46000 	C:\Windows\SYSTEM32\ncrypt.dll
0x00007ffce0be0000 - 0x00007ffce0c1b000 	C:\Windows\SYSTEM32\NTASN1.dll
0x00007ffcb3e50000 - 0x00007ffcb3e57000 	C:\Windows\system32\wshunix.dll

dbghelp: loaded successfully - version: 4.0.5 - missing functions: none
symbol engine: initialized successfully - sym options: 0x614 - pdb path: .;C:\Users\msi\Downloads\spring-tool-suite-4-4.11.1.RELEASE-e4.20.0-win32.win32.x86_64.self-extracting (1)\contents\sts-4.11.1.RELEASE\plugins\org.eclipse.justj.openjdk.hotspot.jre.full.win32.x86_64_16.0.2.v20210721-1149\jre\bin;C:\Windows\SYSTEM32;C:\Windows\WinSxS\amd64_microsoft.windows.common-controls_6595b64144ccf1df_6.0.18362.2037_none_9e7c226de460245a;C:\Users\msi\Downloads\spring-tool-suite-4-4.11.1.RELEASE-e4.20.0-win32.win32.x86_64.self-extracting (1)\contents\sts-4.11.1.RELEASE\plugins\org.eclipse.justj.openjdk.hotspot.jre.full.win32.x86_64_16.0.2.v20210721-1149\jre\bin\server

VM Arguments:
jvm_args: -Dcom.sun.management.jmxremote -Dcom.sun.management.jmxremote.port=54911 -Dcom.sun.management.jmxremote.authenticate=false -Dcom.sun.management.jmxremote.ssl=false -Djava.rmi.server.hostname=localhost -Dspring.jmx.enabled=true -Dspring.application.admin.enabled=true -XX:TieredStopAtLevel=1 -Dspring.boot.project.name=project -Dfile.encoding=UTF-8 -XX:+ShowCodeDetailsInExceptionMessages 
java_command: tn.esprit.spring.ProjectApplication --spring.output.ansi.enabled=always
java_class_path (initial): C:\Users\msi\Downloads\wetransfer_pidev_2022-03-01_2009\PIDEV\target\classes;C:\Users\msi\.m2\repository\org\springframework\boot\spring-boot-starter-data-jpa\2.6.2\spring-boot-starter-data-jpa-2.6.2.jar;C:\Users\msi\.m2\repository\org\springframework\boot\spring-boot-starter-aop\2.6.2\spring-boot-starter-aop-2.6.2.jar;C:\Users\msi\.m2\repository\org\springframework\spring-aop\5.3.14\spring-aop-5.3.14.jar;C:\Users\msi\.m2\repository\org\aspectj\aspectjweaver\1.9.7\aspectjweaver-1.9.7.jar;C:\Users\msi\.m2\repository\org\springframework\boot\spring-boot-starter-jdbc\2.6.2\spring-boot-starter-jdbc-2.6.2.jar;C:\Users\msi\.m2\repository\com\zaxxer\HikariCP\4.0.3\HikariCP-4.0.3.jar;C:\Users\msi\.m2\repository\org\springframework\spring-jdbc\5.3.14\spring-jdbc-5.3.14.jar;C:\Users\msi\.m2\repository\jakarta\transaction\jakarta.transaction-api\1.3.3\jakarta.transaction-api-1.3.3.jar;C:\Users\msi\.m2\repository\jakarta\persistence\jakarta.persistence-api\2.2.3\jakarta.persistence-api-2.2.3.jar;C:\Users\msi\.m2\repository\org\hibernate\hibernate-core\5.6.3.Final\hibernate-core-5.6.3.Final.jar;C:\Users\msi\.m2\repository\org\jboss\logging\jboss-logging\3.4.2.Final\jboss-logging-3.4.2.Final.jar;C:\Users\msi\.m2\repository\net\bytebuddy\byte-buddy\1.11.22\byte-buddy-1.11.22.jar;C:\Users\msi\.m2\repository\antlr\antlr\2.7.7\antlr-2.7.7.jar;C:\Users\msi\.m2\repository\org\jboss\jandex\2.2.3.Final\jandex-2.2.3.Final.jar;C:\Users\msi\.m2\repository\org\hibernate\common\hibernate-commons-annotations\5.1.2.Final\hibernate-commons-annotations-5.1.2.Final.jar;C:\Users\msi\.m2\repository\org\glassfish\jaxb\jaxb-runtime\2.3.5\jaxb-runtime-2.3.5.jar;C:\Users\msi\.m2\repository\org\glassfish\jaxb\txw2\2.3.5\txw2-2.3.5.jar;C:\Users\msi\.m2\repository\com\sun\istack\istack-commons-runtime\3.0.12\istack-commons-runtime-3.0.12.jar;C:\Users\msi\.m2\repository\com\sun\activation\jakarta.activation\1.2.2\jakarta.activation-1.2.2.jar;C:\Users\msi\.m2\repository\org\sprin
Launcher Type: SUN_STANDARD

[Global flags]
     intx CICompilerCount                          = 4                                         {product} {ergonomic}
     uint ConcGCThreads                            = 2                                         {product} {ergonomic}
     uint G1ConcRefinementThreads                  = 8                                         {product} {ergonomic}
   size_t G1HeapRegionSize                         = 1048576                                   {product} {ergonomic}
    uintx GCDrainStackTargetSize                   = 64                                        {product} {ergonomic}
   size_t InitialHeapSize                          = 132120576                                 {product} {ergonomic}
     bool ManagementServer                         = true                                      {product} {command line}
   size_t MarkStackSize                            = 4194304                                   {product} {ergonomic}
   size_t MaxHeapSize                              = 2107637760                                {product} {ergonomic}
   size_t MaxNewSize                               = 1264582656                                {product} {ergonomic}
   size_t MinHeapDeltaBytes                        = 1048576                                   {product} {ergonomic}
   size_t MinHeapSize                              = 8388608                                   {product} {ergonomic}
    uintx NonNMethodCodeHeapSize                   = 7549744                                {pd product} {ergonomic}
    uintx NonProfiledCodeHeapSize                  = 244108496                              {pd product} {ergonomic}
    uintx ProfiledCodeHeapSize                     = 0                                      {pd product} {ergonomic}
    uintx ReservedCodeCacheSize                    = 251658240                              {pd product} {ergonomic}
     bool SegmentedCodeCache                       = true                                      {product} {ergonomic}
     bool ShowCodeDetailsInExceptionMessages       = true                                   {manageable} {command line}
   size_t SoftMaxHeapSize                          = 2107637760                             {manageable} {ergonomic}
     intx TieredStopAtLevel                        = 1                                         {product} {command line}
     bool UseCompressedClassPointers               = true                           {product lp64_product} {ergonomic}
     bool UseCompressedOops                        = true                           {product lp64_product} {ergonomic}
     bool UseG1GC                                  = true                                      {product} {ergonomic}
     bool UseLargePagesIndividualAllocation        = false                                  {pd product} {ergonomic}

Logging:
Log output configuration:
 #0: stdout all=warning uptime,level,tags
 #1: stderr all=off uptime,level,tags

Environment Variables:
PATH=C:/Users/msi/Downloads/spring-tool-suite-4-4.11.1.RELEASE-e4.20.0-win32.win32.x86_64.self-extracting (1)/contents/sts-4.11.1.RELEASE//plugins/org.eclipse.justj.openjdk.hotspot.jre.full.win32.x86_64_16.0.2.v20210721-1149/jre/bin/server;C:/Users/msi/Downloads/spring-tool-suite-4-4.11.1.RELEASE-e4.20.0-win32.win32.x86_64.self-extracting (1)/contents/sts-4.11.1.RELEASE//plugins/org.eclipse.justj.openjdk.hotspot.jre.full.win32.x86_64_16.0.2.v20210721-1149/jre/bin;C:\Program Files (x86)\VMware\VMware Workstation\bin\;c:\xampp\php;C:\ProgramData\Oracle\Java\javapath;C:\oraclexe\app\oracle\product\11.2.0\server\bin;C:\Program Files\Common Files\Oracle\Java\javapath;C:\Program Files (x86)\Common Files\Oracle\Java\javapath;C:\Windows\system32;C:\Windows;C:\Windows\System32\Wbem;C:\Windows\System32\WindowsPowerShell\v1.0\;C:\Windows\System32\OpenSSH\;C:\ProgramData\ComposerSetup\bin;C:\Program Files\Java\jdk1.8.0_60\bin;C:\Program Files\Git\cmd;C:\Program Files\nodejs\;C:\Program Files\Microsoft SQL Server\130\Tools\Binn\;C:\Program Files\Microsoft SQL Server\Client SDK\ODBC\170\Tools\Binn\;C:\Program Files\dotnet\;C:\Program Files\Microsoft SQL Server\150\Tools\Binn\;C:\Users\msi\AppData\Local\Microsoft\WindowsApps;C:\Users\msi\AppData\Local\Programs\Microsoft VS Code\bin;C:\Users\msi\AppData\Roaming\Composer\vendor\bin;c:\xampp\php;%JAVA_HOME%\bin;C:\Users\msi\AppData\Roaming\npm;C:\Users\msi\.dotnet\tools;C:\Users\msi\Downloads\spring-tool-suite-4-4.11.1.RELEASE-e4.20.0-win32.win32.x86_64.self-extracting (1)\contents\sts-4.11.1.RELEASE;
USERNAME=msi
OS=Windows_NT
PROCESSOR_IDENTIFIER=Intel64 Family 6 Model 158 Stepping 10, GenuineIntel



---------------  S Y S T E M  ---------------

OS:
 Windows 10 , 64 bit Build 18362 (10.0.18362.2037)
OS uptime: 22 days 19:21 hours

CPU: total 8 (initial active 8) (4 cores per cpu, 2 threads per core) family 6 model 158 stepping 10 microcode 0xb4, cx8, cmov, fxsr, ht, mmx, 3dnowpref, sse, sse2, sse3, ssse3, sse4.1, sse4.2, popcnt, lzcnt, tsc, tscinvbit, avx, avx2, aes, erms, clmul, bmi1, bmi2, adx, fma, vzeroupper, clflush, clflushopt

Memory: 4k page, system-wide physical 8036M (1156M free)
TotalPageFile size 32612M (AvailPageFile size 0M)
current process WorkingSet (physical memory assigned to process): 258M, peak: 258M
current process commit charge ("private bytes"): 333M, peak: 338M

vm_info: OpenJDK 64-Bit Server VM (16.0.2+7-67) for windows-amd64 JRE (16.0.2+7-67), built on Jun  8 2021 23:21:43 by "mach5one" with MS VC++ 16.7 (VS2019)

END.
